Logfile initialized
[INFO] logfile = /home/kaique/TiBox/Cron/build.log
[DEBUG] /home/kaique/.titanium/mobilesdk/linux/2.0.1.GA2/android/builder.py simulator Cron /home/kaique/android-sdk-linux /home/kaique/TiBox/Cron com.nodester.kaiquewdev 7 HVGA 
[INFO] Building Cron for Android ... one moment
[INFO] Titanium SDK version: 2.0.1 (04/12/12 16:33 999c68a)
[DEBUG] Waiting for device to be ready ...
[TRACE] adb devices returned 1 devices/emulators
[DEBUG] Device connected... (waited 0 seconds)
[DEBUG] waited 0.009635 seconds on emulator to get ready
[DEBUG] com.nodester.kaiquewdev installed? True
[INFO] Fastdev server running, deploying in Fastdev mode
[INFO] Copying CommonJS modules...
[INFO] Copying project resources..
[TRACE] COPYING MODIFIED FILE: /home/kaique/TiBox/Cron/Resources/app.js => /home/kaique/TiBox/Cron/build/android/bin/assets/Resources/app.js
[INFO] Tiapp.xml unchanged, skipping class generation
[DEBUG] Processing Android resource drawables
[DEBUG] found drawable-notlong-land-hdpi splash screen at /home/kaique/TiBox/Cron/Resources/android/images/res-notlong-land-hdpi/default.png
[DEBUG] found drawable-long-land-ldpi splash screen at /home/kaique/TiBox/Cron/Resources/android/images/res-long-land-ldpi/default.png
[DEBUG] found drawable-notlong-port-hdpi splash screen at /home/kaique/TiBox/Cron/Resources/android/images/res-notlong-port-hdpi/default.png
[DEBUG] found drawable-long-port-hdpi splash screen at /home/kaique/TiBox/Cron/Resources/android/images/res-long-port-hdpi/default.png
[DEBUG] found drawable-notlong-port-mdpi splash screen at /home/kaique/TiBox/Cron/Resources/android/images/res-notlong-port-mdpi/default.png
[DEBUG] found drawable-long-land-hdpi splash screen at /home/kaique/TiBox/Cron/Resources/android/images/res-long-land-hdpi/default.png
[DEBUG] found drawable-notlong-land-ldpi splash screen at /home/kaique/TiBox/Cron/Resources/android/images/res-notlong-land-ldpi/default.png
[DEBUG] found drawable-notlong-port-ldpi splash screen at /home/kaique/TiBox/Cron/Resources/android/images/res-notlong-port-ldpi/default.png
[DEBUG] found drawable-notlong-land-mdpi splash screen at /home/kaique/TiBox/Cron/Resources/android/images/res-notlong-land-mdpi/default.png
[DEBUG] found drawable-long-port-ldpi splash screen at /home/kaique/TiBox/Cron/Resources/android/images/res-long-port-ldpi/default.png
[INFO] Waiting for SDCard to become available..
[INFO] Re-launching application ... Cron
[INFO] Launching application ... Cron
[TRACE] Launch output: Starting: Intent { act=android.intent.action.MAIN cat=[android.intent.category.LAUNCHER] cmp=com.nodester.kaiquewdev/.CronActivity }

